<?xml version="1.0" encoding="UTF-8"?>
<!-- Generated by org.testng.reporters.JUnitXMLReporter -->
<testsuite ignored="0" hostname="DESKTOP-47P2MTB" failures="0" tests="4" name="Test" time="5.518" errors="0" timestamp="2023-06-20T17:11:46 IST">
  <testcase classname="day8.CreateUser" name="testCreateUser" time="4.299"/>
  <testcase classname="day8.GetUser" name="testGetUser" time="0.405"/>
  <testcase classname="day8.UpdateUser" name="testUpdateUser" time="0.467"/>
  <testcase classname="day8.DeleteUser" name="testDeleteUser" time="0.258"/>
</testsuite> <!-- Test -->
