<?xml version="1.0" encoding="UTF-8"?>
<testng-results ignored="0" total="4" passed="4" failed="0" skipped="0">
  <reporter-output>
  </reporter-output>
  <suite started-at="2023-06-20T17:11:40 IST" name="Suite" finished-at="2023-06-20T17:11:46 IST" duration-ms="5518">
    <groups>
    </groups>
    <test started-at="2023-06-20T17:11:40 IST" name="Test" finished-at="2023-06-20T17:11:46 IST" duration-ms="5518">
      <class name="day8.UpdateUser">
        <test-method signature="testUpdateUser(org.testng.ITestContext)[pri:0, instance:day8.UpdateUser@5fdcaa40]" started-at="2023-06-20T17:11:45 IST" name="testUpdateUser" finished-at="2023-06-20T17:11:46 IST" duration-ms="467" status="PASS">
          <params>
            <param index="0">
              <value>
                <![CDATA[org.testng.TestRunner@63475ace]]>
              </value>
            </param>
          </params>
          <reporter-output>
          </reporter-output>
        </test-method> <!-- testUpdateUser -->
      </class> <!-- day8.UpdateUser -->
      <class name="day8.DeleteUser">
        <test-method signature="testDeleteUser(org.testng.ITestContext)[pri:0, instance:day8.DeleteUser@6dc17b83]" started-at="2023-06-20T17:11:46 IST" name="testDeleteUser" finished-at="2023-06-20T17:11:46 IST" duration-ms="258" status="PASS">
          <params>
            <param index="0">
              <value>
                <![CDATA[org.testng.TestRunner@63475ace]]>
              </value>
            </param>
          </params>
          <reporter-output>
          </reporter-output>
        </test-method> <!-- testDeleteUser -->
      </class> <!-- day8.DeleteUser -->
      <class name="day8.CreateUser">
        <test-method signature="testCreateUser(org.testng.ITestContext)[pri:0, instance:day8.CreateUser@441772e]" started-at="2023-06-20T17:11:40 IST" name="testCreateUser" finished-at="2023-06-20T17:11:45 IST" duration-ms="4299" status="PASS">
          <params>
            <param index="0">
              <value>
                <![CDATA[org.testng.TestRunner@63475ace]]>
              </value>
            </param>
          </params>
          <reporter-output>
          </reporter-output>
        </test-method> <!-- testCreateUser -->
      </class> <!-- day8.CreateUser -->
      <class name="day8.GetUser">
        <test-method signature="testGetUser(org.testng.ITestContext)[pri:0, instance:day8.GetUser@15ff3e9e]" started-at="2023-06-20T17:11:45 IST" name="testGetUser" finished-at="2023-06-20T17:11:45 IST" duration-ms="405" status="PASS">
          <params>
            <param index="0">
              <value>
                <![CDATA[org.testng.TestRunner@63475ace]]>
              </value>
            </param>
          </params>
          <reporter-output>
          </reporter-output>
        </test-method> <!-- testGetUser -->
      </class> <!-- day8.GetUser -->
    </test> <!-- Test -->
  </suite> <!-- Suite -->
</testng-results>
